[2024-09-06 22:04:54,184: INFO: common: yaml file: config\config.yaml loaded successfully]
[2024-09-06 22:04:54,190: INFO: common: yaml file: params.yaml loaded successfully]
[2024-09-06 22:18:29,172: INFO: common: yaml file: config\config.yaml loaded successfully]
[2024-09-06 22:18:29,178: INFO: common: yaml file: params.yaml loaded successfully]
[2024-09-06 22:26:52,514: INFO: common: yaml file: config\config.yaml loaded successfully]
[2024-09-06 22:26:52,658: INFO: common: yaml file: params.yaml loaded successfully]
[2024-09-06 22:26:52,660: INFO: common: created directory at: artifacts]
[2024-09-06 22:26:52,664: INFO: common: created directory at: artifacts/data_ingestion]
[2024-09-06 22:26:52,667: INFO: 986331348: Downloading data from https://drive.google.com/file/d/1jK6gDZCxqxa553MNcxsWLp963rK5OTH9/view?usp=sharing into file artifacts/data_ingestion/data.zip]
[2024-09-06 22:29:46,069: INFO: 986331348: Downloaded data from https://drive.google.com/file/d/1jK6gDZCxqxa553MNcxsWLp963rK5OTH9/view?usp=sharing into file artifacts/data_ingestion/data.zip]
[2024-09-07 09:14:41,608: INFO: common: yaml file: config\config.yaml loaded successfully]
[2024-09-07 09:14:41,622: INFO: common: yaml file: params.yaml loaded successfully]
[2024-09-07 09:14:41,625: INFO: common: created directory at: artifacts]
[2024-09-07 09:14:41,627: INFO: common: created directory at: artifacts/data_ingestion]
[2024-09-07 09:14:41,629: INFO: 986331348: Downloading data from https://drive.google.com/file/d/1jK6gDZCxqxa553MNcxsWLp963rK5OTH9/view?usp=sharing into file artifacts/data_ingestion/data.zip]
[2024-09-07 09:23:11,655: INFO: common: yaml file: config\config.yaml loaded successfully]
[2024-09-07 09:23:11,658: INFO: common: yaml file: params.yaml loaded successfully]
[2024-09-07 09:23:11,661: INFO: common: created directory at: artifacts]
[2024-09-07 09:23:11,664: INFO: common: created directory at: artifacts/data_ingestion]
[2024-09-07 09:23:11,668: INFO: 986331348: Downloading data from https://drive.google.com/file/d/1jK6gDZCxqxa553MNcxsWLp963rK5OTH9/view?usp=sharing into file artifacts/data_ingestion/data.zip]
[2024-09-07 09:23:22,057: INFO: common: yaml file: config\config.yaml loaded successfully]
[2024-09-07 09:23:22,062: INFO: common: yaml file: params.yaml loaded successfully]
[2024-09-07 09:23:22,065: INFO: common: created directory at: artifacts]
[2024-09-07 09:23:22,066: INFO: common: created directory at: artifacts/data_ingestion]
[2024-09-07 09:23:22,068: INFO: 986331348: Downloading data from https://drive.google.com/file/d/1jK6gDZCxqxa553MNcxsWLp963rK5OTH9/view?usp=sharing into file artifacts/data_ingestion/data.zip]
[2024-09-07 09:23:36,505: INFO: common: yaml file: config\config.yaml loaded successfully]
[2024-09-07 09:23:36,511: INFO: common: yaml file: params.yaml loaded successfully]
[2024-09-07 09:23:36,514: INFO: common: created directory at: artifacts]
[2024-09-07 09:23:36,515: INFO: common: created directory at: artifacts/data_ingestion]
[2024-09-07 09:23:36,517: INFO: 986331348: Downloading data from https://drive.google.com/file/d/1jK6gDZCxqxa553MNcxsWLp963rK5OTH9/view?usp=sharing into file artifacts/data_ingestion/data.zip]
[2024-09-07 09:26:53,272: INFO: 986331348: Downloaded data from https://drive.google.com/file/d/1jK6gDZCxqxa553MNcxsWLp963rK5OTH9/view?usp=sharing into file artifacts/data_ingestion/data.zip]
[2024-09-07 09:42:51,645: INFO: common: yaml file: config\config.yaml loaded successfully]
[2024-09-07 09:42:51,648: INFO: common: yaml file: params.yaml loaded successfully]
[2024-09-07 09:42:51,649: INFO: common: created directory at: artifacts]
[2024-09-07 09:42:51,653: INFO: common: created directory at: artifacts/data_ingestion]
[2024-09-07 09:42:51,658: INFO: 986331348: Downloading data from https://drive.google.com/file/d/1PCuynv3gnBlvZHCbQPKAg3fCZD6iFdEt/view?usp=sharing into file artifacts/data_ingestion/data.zip]
[2024-09-07 09:46:08,135: INFO: 986331348: Downloaded data from https://drive.google.com/file/d/1PCuynv3gnBlvZHCbQPKAg3fCZD6iFdEt/view?usp=sharing into file artifacts/data_ingestion/data.zip]
[2024-09-08 18:51:53,010: INFO: main: >>>>>> stage Data Ingestion stage started <<<<<<]
[2024-09-08 18:51:53,126: INFO: common: yaml file: config\config.yaml loaded successfully]
[2024-09-08 18:51:53,187: INFO: common: yaml file: params.yaml loaded successfully]
[2024-09-08 18:51:53,188: INFO: common: created directory at: artifacts]
[2024-09-08 18:51:53,188: INFO: common: created directory at: artifacts/data_ingestion]
[2024-09-08 18:51:53,189: INFO: data_injection: Downloading data from https://drive.google.com/file/d/1PCuynv3gnBlvZHCbQPKAg3fCZD6iFdEt/view?usp=sharing into file artifacts/data_ingestion/data.zip]
[2024-09-08 19:00:34,364: INFO: data_injection: Downloaded data from https://drive.google.com/file/d/1PCuynv3gnBlvZHCbQPKAg3fCZD6iFdEt/view?usp=sharing into file artifacts/data_ingestion/data.zip]
[2024-09-08 19:01:09,147: INFO: main: >>>>>> stage Data Ingestion stage completed <<<<<<

x==========x]
[2024-09-08 19:51:03,498: INFO: common: yaml file: config\config.yaml loaded successfully]
[2024-09-08 19:51:03,619: INFO: common: yaml file: params.yaml loaded successfully]
[2024-09-08 19:51:03,626: INFO: common: created directory at: artifacts]
[2024-09-08 19:52:18,230: INFO: common: yaml file: config\config.yaml loaded successfully]
[2024-09-08 19:52:18,235: INFO: common: yaml file: params.yaml loaded successfully]
[2024-09-08 19:52:18,237: INFO: common: created directory at: artifacts]
[2024-09-08 19:53:45,552: INFO: common: yaml file: config\config.yaml loaded successfully]
[2024-09-08 19:53:45,557: INFO: common: yaml file: params.yaml loaded successfully]
[2024-09-08 19:53:45,560: INFO: common: created directory at: artifacts]
[2024-09-08 19:56:48,336: INFO: common: yaml file: config\config.yaml loaded successfully]
[2024-09-08 19:56:48,339: INFO: common: yaml file: params.yaml loaded successfully]
[2024-09-08 19:56:48,341: INFO: common: created directory at: artifacts]
[2024-09-08 19:56:48,343: INFO: common: created directory at: artifacts/prepare_base_model]
[2024-09-08 19:56:49,336: WARNING: saving_utils: Compiled the loaded model, but the compiled metrics have yet to be built. `model.compile_metrics` will be empty until you train or evaluate the model.]
[2024-09-09 10:08:49,983: INFO: main: >>>>>> stage Data Ingestion stage started <<<<<<]
[2024-09-09 10:08:50,015: INFO: common: yaml file: config\config.yaml loaded successfully]
[2024-09-09 10:08:50,072: INFO: common: yaml file: params.yaml loaded successfully]
[2024-09-09 10:08:50,073: INFO: common: created directory at: artifacts]
[2024-09-09 10:08:50,081: INFO: common: created directory at: artifacts/data_ingestion]
[2024-09-09 10:08:50,082: INFO: data_injection: Downloading data from https://drive.google.com/file/d/1PCuynv3gnBlvZHCbQPKAg3fCZD6iFdEt/view?usp=sharing into file artifacts/data_ingestion/data.zip]
[2024-09-09 10:16:30,220: INFO: data_injection: Downloaded data from https://drive.google.com/file/d/1PCuynv3gnBlvZHCbQPKAg3fCZD6iFdEt/view?usp=sharing into file artifacts/data_ingestion/data.zip]
[2024-09-09 10:17:48,820: INFO: main: >>>>>> stage Data Ingestion stage completed <<<<<<

x==========x]
[2024-09-09 10:17:48,821: INFO: main: >>>>>> stage Prepare Base Model started <<<<<<]
[2024-09-09 10:17:48,826: INFO: common: yaml file: config\config.yaml loaded successfully]
[2024-09-09 10:17:48,831: INFO: common: yaml file: params.yaml loaded successfully]
[2024-09-09 10:17:48,833: INFO: common: created directory at: artifacts]
[2024-09-09 10:17:48,836: INFO: common: created directory at: artifacts/prepare_base_model]
[2024-09-09 10:17:50,123: WARNING: saving_utils: Compiled the loaded model, but the compiled metrics have yet to be built. `model.compile_metrics` will be empty until you train or evaluate the model.]
[2024-09-09 10:17:52,477: INFO: main: >>>>>> stage Prepare Base Model completed <<<<<<

x==========x]
[2024-09-09 10:26:05,115: INFO: common: yaml file: config\config.yaml loaded successfully]
[2024-09-09 10:26:05,134: INFO: common: yaml file: params.yaml loaded successfully]
[2024-09-09 10:26:05,224: INFO: common: created directory at: artifacts]
[2024-09-09 10:26:05,238: INFO: common: created directory at: artifacts\training]
[2024-09-09 10:30:31,909: INFO: common: yaml file: config\config.yaml loaded successfully]
[2024-09-09 10:30:31,915: INFO: common: yaml file: params.yaml loaded successfully]
[2024-09-09 10:30:31,918: INFO: common: created directory at: artifacts]
[2024-09-09 10:30:31,921: INFO: common: created directory at: artifacts\training]
[2024-09-09 10:41:58,667: INFO: common: yaml file: config\config.yaml loaded successfully]
[2024-09-09 10:41:58,675: INFO: common: yaml file: params.yaml loaded successfully]
[2024-09-09 10:41:58,678: INFO: common: created directory at: artifacts]
[2024-09-09 10:41:58,682: INFO: common: created directory at: artifacts\training]
[2024-09-09 12:16:40,228: INFO: main: >>>>>> stage Data Ingestion stage started <<<<<<]
[2024-09-09 12:16:40,447: INFO: common: yaml file: config\config.yaml loaded successfully]
[2024-09-09 12:16:40,495: INFO: common: yaml file: params.yaml loaded successfully]
[2024-09-09 12:16:40,496: INFO: common: created directory at: artifacts]
[2024-09-09 12:16:40,497: INFO: common: created directory at: artifacts/data_ingestion]
[2024-09-09 12:16:40,497: INFO: data_injection: Downloading data from https://drive.google.com/file/d/1iPi74ExzAoOl3l-MSAX2recx3yGi9SoN/view?usp=sharing into file artifacts/data_ingestion/data.zip]
[2024-09-09 12:20:02,674: INFO: data_injection: Downloaded data from https://drive.google.com/file/d/1iPi74ExzAoOl3l-MSAX2recx3yGi9SoN/view?usp=sharing into file artifacts/data_ingestion/data.zip]
[2024-09-09 12:21:08,548: INFO: main: >>>>>> stage Data Ingestion stage completed <<<<<<

x==========x]
[2024-09-09 12:21:08,550: INFO: main: >>>>>> stage Prepare Base Model started <<<<<<]
[2024-09-09 12:21:08,553: INFO: common: yaml file: config\config.yaml loaded successfully]
[2024-09-09 12:21:08,556: INFO: common: yaml file: params.yaml loaded successfully]
[2024-09-09 12:21:08,557: INFO: common: created directory at: artifacts]
[2024-09-09 12:21:08,558: INFO: common: created directory at: artifacts/prepare_base_model]
[2024-09-09 12:21:09,370: WARNING: saving_utils: Compiled the loaded model, but the compiled metrics have yet to be built. `model.compile_metrics` will be empty until you train or evaluate the model.]
[2024-09-09 12:21:10,908: INFO: main: >>>>>> stage Prepare Base Model completed <<<<<<

x==========x]
[2024-09-09 12:21:10,909: INFO: main: >>>>>> stage Traing Model started <<<<<<]
[2024-09-09 12:21:10,912: INFO: common: yaml file: config\config.yaml loaded successfully]
[2024-09-09 12:21:10,916: INFO: common: yaml file: params.yaml loaded successfully]
[2024-09-09 12:21:10,917: INFO: common: created directory at: artifacts]
[2024-09-09 12:21:10,919: INFO: common: created directory at: artifacts\training]
[2024-09-09 12:55:42,340: INFO: main: >>>>>> stage Traing Model completed <<<<<<

x==========x]
